jxx/proguard.cfg
-dontwarn
-dontskipnonpubliclibraryclassmembers
-optimizationpasses 5                                                           # 指定代码的压缩级别
-dontusemixedcaseclassnames                                                     # 是否使用大小写混合
-dontskipnonpubliclibraryclasses                                                # 是否混淆第三方jar
-dontpreverify                                                                  # 混淆时是否做预校验
-verbose                                                                        # 混淆时是否记录日志
-optimizations !code/simplification/arithmetic,!field/*,!class/merging/*        # 混淆时所采用的算法

-keep public class * extends android.app.Activity                               # 保持哪些类不被混淆
-keep public class * extends android.app.Application                            # 保持哪些类不被混淆
-keep public class * extends android.app.Service                                # 保持哪些类不被混淆
-keep public class * extends android.content.BroadcastReceiver                  # 保持哪些类不被混淆
-keep public class * extends android.content.ContentProvider                    # 保持哪些类不被混淆
-keep public class * extends android.app.backup.BackupAgentHelper               # 保持哪些类不被混淆
-keep public class * extends android.preference.Preference                      # 保持哪些类不被混淆
-keep public class com.android.vending.licensing.ILicensingService              # 保持哪些类不被混淆

-keepclasseswithmembernames class * {                                           # 保持 native 方法不被混淆
    native <methods>;
}

-keepclasseswithmembers class * {                                               # 保持自定义控件类不被混淆
    public <init>(android.content.Context, android.util.AttributeSet);
}

-keepclasseswithmembers class * {
    public <init>(android.content.Context, android.util.AttributeSet, int);     # 保持自定义控件类不被混淆
}

-keepclassmembers class * extends android.app.Activity {                        # 保持自定义控件类不被混淆
   public void *(android.view.View);
}

-keepclassmembers enum * {                                                      # 保持枚举 enum 类不被混淆
    public static **[] values();
    public static ** valueOf(java.lang.String);
}

-keep class * implements android.os.Parcelable {                                # 保持 Parcelable 不被混淆
  public static final android.os.Parcelable$Creator *;
}

-keep public class cn.waps.** {*;}
-keep public interface cn.waps.** {*;}
-dontwarn cn.waps.**

-dontshrink
-dontoptimize
-dontwarn com.google.android.maps.**
-dontwarn android.webkit.WebView
-dontwarn com.umeng.**
-dontwarn com.tencent.weibo.sdk.**
-dontwarn com.facebook.**

-libraryjars libs/SocialSDK_QQZone_2.jar

-keep enum com.facebook.**
-keepattributes Exceptions,InnerClasses,Signature
-keepattributes *Annotation*
-keepattributes SourceFile,LineNumberTable

-keep public interface com.facebook.**
-keep public interface com.tencent.**
-keep public interface com.umeng.socialize.**
-keep public interface com.umeng.socialize.sensor.**
-keep public interface com.umeng.scrshot.**

-keep public class com.umeng.socialize.* {*;}
-keep public class javax.**
-keep public class android.webkit.**

-keep class com.facebook.**
-keep class com.umeng.scrshot.**
-keep public class com.tencent.** {*;}
-keep class com.umeng.socialize.sensor.**

-keep class com.tencent.mm.sdk.openapi.WXMediaMessage {*;}

-keep class com.tencent.mm.sdk.openapi.** implements com.tencent.mm.sdk.openapi.WXMediaMessage$IMediaObject {*;}

-keep class im.yixin.sdk.api.YXMessage {*;}
-keep class im.yixin.sdk.api.** implements im.yixin.sdk.api.YXMessage$YXMessageData{*;}

-keep public class [your_pkg].R$*{
    public static final int *;
}