jxx/proguard/seeds.txt
com.itjiehun.jxx.MainActivity
com.itjiehun.jxx.MainActivity: MainActivity()
...
cn.waps.ar
cn.waps.ar: java.lang.String a
cn.waps.ar: java.io.File b
cn.waps.ar: android.app.AlertDialog c
cn.waps.ar: java.util.Map d
cn.waps.ar: java.lang.String e
cn.waps.ar: java.lang.String f
cn.waps.ar: cn.waps.ad g
cn.waps.ar: boolean h
cn.waps.ar: java.lang.Thread i
cn.waps.ar: ar()
cn.waps.ar: void a(android.content.Context,java.lang.String,java.lang.String)
cn.waps.ar: cn.waps.ao a(android.content.Context,java.lang.String,java.lang.String,java.lang.String)
cn.waps.ar: void b(android.content.Context,java.lang.String,java.lang.String)
cn.waps.ar: void a(android.content.Context,cn.waps.ao,java.lang.String,java.lang.String,int,java.lang.String)
cn.waps.ar: void a(android.content.Context,cn.waps.ad)
cn.waps.ar: java.lang.String a(java.lang.String)
cn.waps.ar: long a(android.content.Context,java.lang.String)
cn.waps.ar: void a(android.content.Context)
cn.waps.ar: void b(android.content.Context)
cn.waps.ar: void b(android.content.Context,java.lang.String)
cn.waps.ar: java.lang.String c(android.content.Context,java.lang.String)
cn.waps.ar: java.lang.String a(cn.waps.ar,java.lang.String)
cn.waps.ar: java.util.Map a()
cn.waps.ar: java.util.Map a(java.util.Map)
cn.waps.ar: boolean a(cn.waps.ar)
cn.waps.ar: boolean a(cn.waps.ar,boolean)
cn.waps.ar: java.lang.String b(cn.waps.ar)
cn.waps.ar: java.io.File c(cn.waps.ar)
cn.waps.ar: java.lang.String d(cn.waps.ar)
cn.waps.ar: java.lang.String e(cn.waps.ar)
cn.waps.ar: cn.waps.ad a(cn.waps.ar,cn.waps.ad)
cn.waps.aw
cn.waps.aw: android.content.Context a
cn.waps.aw: cn.waps.ae b
cn.waps.aw: java.lang.String c
cn.waps.aw: java.util.List d
cn.waps.aw: aw(android.content.Context,cn.waps.ae,java.lang.String)
cn.waps.aw: void a()
cn.waps.aw: void a(android.content.Context,java.lang.String,java.lang.String,boolean)
cn.waps.aw: void a(android.content.Context,java.util.List,java.lang.String,boolean)
cn.waps.aw: void a(android.content.Context,java.util.List,int,java.lang.String,boolean)
cn.waps.aw: java.util.List a(java.io.InputStream)
cn.waps.aw: void b()
cn.waps.aw: void a(android.content.Context,java.lang.String,java.lang.String,java.lang.String)
cn.waps.aw: android.widget.LinearLayout a(android.content.Context,android.app.Dialog,java.util.List,java.lang.String,java.lang.String,boolean)
cn.waps.aw: java.lang.String a(cn.waps.aw)
cn.waps.aw: cn.waps.ae b(cn.waps.aw)
cn.waps.aw: java.util.List a(cn.waps.aw,java.util.List)
cn.waps.aw: void a(cn.waps.aw,android.content.Context,java.util.List,int,java.lang.String,boolean)
cn.waps.be
cn.waps.be: be()
cn.waps.be: java.util.Map a()
cn.waps.be: java.util.Map b()
cn.waps.bf
cn.waps.bf: android.os.Handler a
cn.waps.bf: android.widget.LinearLayout b
cn.waps.bf: boolean c
cn.waps.bf: android.view.View d
cn.waps.bf: android.content.Context e
cn.waps.bf: long f
cn.waps.bf: int g
cn.waps.bf: cn.waps.AnimationType j
cn.waps.bf: int k
cn.waps.bf: boolean l
cn.waps.bf: int m
cn.waps.bf: java.lang.String n
cn.waps.bf: int o
cn.waps.bf: int p
cn.waps.bf: java.lang.String q
cn.waps.bf: android.content.SharedPreferences r
cn.waps.bf: android.content.SharedPreferences$Editor s
cn.waps.bf: cn.waps.AdInfo t
cn.waps.bf: java.lang.String u
cn.waps.bf: java.lang.Runnable h
cn.waps.bf: android.widget.TextView i
cn.waps.bf: bf(android.content.Context,android.widget.LinearLayout)
cn.waps.bf: bf()
cn.waps.bf: void a(int)
cn.waps.bf: void b()
cn.waps.bf: void c()
cn.waps.bf: void c(int)
cn.waps.bf: android.view.View$OnClickListener a(android.content.Context,int)
cn.waps.bf: android.widget.LinearLayout a(android.content.Context,android.graphics.Bitmap,java.lang.String,int)
cn.waps.bf: void a(cn.waps.bf)
cn.waps.bf: boolean b(cn.waps.bf)
cn.waps.bf: int c(cn.waps.bf)
cn.waps.bf: int d(cn.waps.bf)
cn.waps.bf: int a()
cn.waps.bf: int a(cn.waps.bf,int)
cn.waps.bf: int b(int)
cn.waps.bf: void b(cn.waps.bf,int)
cn.waps.bf: boolean a(cn.waps.bf,boolean)
cn.waps.bf: int e(cn.waps.bf)
cn.waps.bf: void <clinit>()