jxx/proguard/mapping.txt
com.itjiehun.jxx.AnimationCell -> com.itjiehun.jxx.a:
    int animationType -> b
    long timeElapsed -> c
    long animationTime -> d
    long delayTime -> e
    int[] extras -> a
    19:19:int getAnimationType() -> a
    23:24:void tick(long) -> a
    27:27:boolean animationDone() -> b
    31:31:double getPercentageDone() -> c
    35:35:boolean isActive() -> d
com.itjiehun.jxx.AnimationGrid -> com.itjiehun.jxx.b:
    java.util.ArrayList[][] field -> a
    int activeAnimations -> d
    boolean oneMoreFrame -> b
    java.util.ArrayList globalAnimation -> c
    23:30:void startAnimation(int,int,int,long,long,int[]) -> a
    33:57:void tickAll(long) -> a
    60:67:boolean isAnimationActive() -> a
    72:72:java.util.ArrayList getAnimationCell(int,int) -> a
    76:83:void cancelAnimations() -> b
    86:91:void cancelAnimation(com.itjiehun.jxx.AnimationCell) -> a
com.itjiehun.jxx.BuildConfig -> com.itjiehun.jxx.c:
    boolean DEBUG -> a
com.itjiehun.jxx.Cell -> com.itjiehun.jxx.d:
    int x -> a
    int y -> b
    13:13:int getX() -> e
    17:17:int getY() -> f
    21:22:void setX(int) -> a
    25:26:void setY(int) -> b
com.itjiehun.jxx.DeviceUtil -> com.itjiehun.jxx.e:
    java.lang.String tag -> a
    18:34:java.util.Map getDeviceData(android.content.Context) -> a
    38:44:java.lang.String getDeviceId(android.content.Context) -> b
    48:62:java.lang.String getSimpleDeviceId(android.content.Context) -> c
    66:71:boolean isEmulator() -> a
com.itjiehun.jxx.Grid -> com.itjiehun.jxx.f:
    com.itjiehun.jxx.Tile[][] field -> a
    com.itjiehun.jxx.Tile[][] undoField -> b
    com.itjiehun.jxx.Tile[][] bufferField -> c
    19:23:com.itjiehun.jxx.Cell randomAvailableCell() -> a
    27:35:java.util.ArrayList getAvailableCells() -> b
    39:47:java.util.ArrayList getNotAvailableCells() -> c
    51:51:boolean isCellsAvailable() -> d
    55:55:boolean isCellAvailable(com.itjiehun.jxx.Cell) -> a
    59:59:boolean isCellOccupied(com.itjiehun.jxx.Cell) -> b
    63:66:com.itjiehun.jxx.Tile getCellContent(com.itjiehun.jxx.Cell) -> c
    71:74:com.itjiehun.jxx.Tile getCellContent(int,int) -> a
    79:79:boolean isCellWithinBounds(com.itjiehun.jxx.Cell) -> d
    83:83:boolean isCellWithinBounds(int,int) -> b
    87:88:void insertTile(com.itjiehun.jxx.Tile) -> a
    91:92:void removeTile(com.itjiehun.jxx.Tile) -> b
    95:104:void saveTiles() -> e
    107:116:void prepareSaveTiles() -> f
    119:128:void revertTiles() -> g
    131:136:void clearGrid() -> h
    139:144:void clearUndoGrid() -> i
com.itjiehun.jxx.InputListener -> com.itjiehun.jxx.g:
    int SWIPE_MIN_DISTANCE -> a
    int SWIPE_THRESHOLD_VELOCITY -> b
    int MOVE_THRESHOLD -> c
    int RESET_STARTING -> d
    float x -> e
    float y -> f
    float lastdx -> g
    float lastdy -> h
    float previousX -> i
    float previousY -> j
    float startingX -> k
    float startingY -> l
    int previousDirection -> m
    int veryLastDirection -> n
    boolean hasMoved -> o
    com.itjiehun.jxx.MainView mView -> p
    33:128:boolean onTouch(android.view.View,android.view.MotionEvent) -> onTouch
    132:132:float pathMoved() -> a
    136:136:boolean iconPressed(int,int) -> a
    140:140:boolean inRange(float,float,float) -> a
    144:144:boolean isTap(int) -> a
...
android.support.v4.view.PagerTabStrip$2 -> android.support.v4.view.z:
    android.support.v4.view.PagerTabStrip this$0 -> a
    114:115:void onClick(android.view.View) -> onClick
android.support.v4.view.PagerTitleStrip -> android.support.v4.view.PagerTitleStrip:
    java.lang.String TAG -> f
    android.support.v4.view.ViewPager mPager -> a
    android.widget.TextView mPrevText -> b
    android.widget.TextView mCurrText -> c
    android.widget.TextView mNextText -> d
    int mLastKnownCurrentPage -> g
    float mLastKnownPositionOffset -> h
    int mScaledTextSpacing -> i
    int mGravity -> j
    boolean mUpdatingText -> k
    boolean mUpdatingPositions -> l
    android.support.v4.view.PagerTitleStrip$PageListener mPageListener -> m
    java.lang.ref.WeakReference mWatchingAdapter -> n
    int[] ATTRS -> o
    int[] TEXT_ATTRS -> p
    float SIDE_ALPHA -> q
    int TEXT_SPACING -> r
    int mNonPrimaryAlpha -> s
    int mTextColor -> e
    android.support.v4.view.PagerTitleStrip$PagerTitleStripImpl IMPL -> t
    108:109:void setSingleLineAllCaps(android.widget.TextView) -> a
    176:178:void setTextSpacing(int) -> c
    184:184:int getTextSpacing() -> d
    193:197:void setNonPrimaryAlpha(float) -> a
    206:211:void setTextColor(int) -> d
    224:227:void setTextSize(int,float) -> a
    236:238:void setGravity(int) -> e
    242:257:void onAttachedToWindow() -> onAttachedToWindow
    261:268:void onDetachedFromWindow() -> onDetachedFromWindow
    271:306:void updateText(int,android.support.v4.view.PagerAdapter) -> a
    310:313:void requestLayout() -> requestLayout
android.support.v4.view.PagerTitleStrip$1 -> android.support.v4.view.PagerTitleStrip$1:
android.support.v4.view.PagerTitleStrip$PageListener -> android.support.v4.view.PagerTitleStrip$a:
    int mScrollState -> b
    android.support.v4.view.PagerTitleStrip this$0 -> a
    476:481:void onPageScrolled(int,float,int) -> a
    485:492:void onPageSelected(int) -> a
    496:497:void onPageScrollStateChanged(int) -> b
    501:502:void onAdapterChanged(android.support.v4.view.PagerAdapter,android.support.v4.view.PagerAdapter) -> a
    506:510:void onChanged() -> onChanged
android.support.v4.view.PagerTitleStrip$PagerTitleStripImpl -> android.support.v4.view.PagerTitleStrip$b:
    void setSingleLineAllCaps(android.widget.TextView) -> a
android.support.v4.view.PagerTitleStrip$PagerTitleStripImplBase -> android.support.v4.view.PagerTitleStrip$c:
    88:89:void setSingleLineAllCaps(android.widget.TextView) -> a
android.support.v4.view.PagerTitleStrip$PagerTitleStripImplIcs -> android.support.v4.view.PagerTitleStrip$d:
    94:95:void setSingleLineAllCaps(android.widget.TextView) -> a
android.support.v4.view.PagerTitleStripIcs -> android.support.v4.view.aa:
    28:29:void setSingleLineAllCaps(android.widget.TextView) -> a
android.support.v4.view.PagerTitleStripIcs$SingleLineAllCapsTransform -> android.support.v4.view.aa$a:
    java.lang.String TAG -> a
    java.util.Locale mLocale -> b
    42:43:java.lang.CharSequence getTransformation(java.lang.CharSequence,android.view.View) -> getTransformation
android.support.v4.view.ScaleGestureDetectorCompat -> android.support.v4.view.ab:
    android.support.v4.view.ScaleGestureDetectorCompat$ScaleGestureDetectorImpl IMPL -> a
    75:76:void setQuickScaleEnabled(java.lang.Object,boolean) -> a
    83:83:boolean isQuickScaleEnabled(java.lang.Object) -> a
android.support.v4.view.ScaleGestureDetectorCompat$1 -> android.support.v4.view.ab$1:
android.support.v4.view.ScaleGestureDetectorCompat$BaseScaleGestureDetectorImpl -> android.support.v4.view.ab$a:
    37:37:void setQuickScaleEnabled(java.lang.Object,boolean) -> a
    41:41:boolean isQuickScaleEnabled(java.lang.Object) -> a
android.support.v4.view.ScaleGestureDetectorCompat$ScaleGestureDetectorCompatKitKatImpl -> android.support.v4.view.ab$b:
    48:49:void setQuickScaleEnabled(java.lang.Object,boolean) -> a
    53:53:boolean isQuickScaleEnabled(java.lang.Object) -> a